2016-04-05 15:38:17 - MOD: Modification Default
FILE: system/engine/action.php
REGEX: ~(require|include)(_once)?\(([^)]+)~
LINE: 34
FILE: system/engine/loader.php
REGEX: ~(require|include)(_once)?\(([^)]+)~
LINE: 41
LINE: 92
LINE: 104
LINE: 142
FILE: system/library/config.php
REGEX: ~(require|include)(_once)?\(([^)]+)~
LINE: 23
FILE: system/library/language.php
REGEX: ~(require|include)(_once)?\(([^)]+)~
LINE: 35
LINE: 41
LINE: 47
FILE: system/library/template/basic.php
REGEX: ~(require|include)(_once)?\(([^)]+)~
LINE: 18
----------------------------------------------------------------
MOD: Remove common/home
----------------------------------------------------------------
